2024-04-07 00:57:53,229 - INFO - End of loop
2024-04-07 00:57:53,229 - INFO - =========================================================
2024-04-07 00:57:53,229 - INFO - Agent Looping ... AUTO_MANAGER_ID=S1_A01_the1, PID=148752
2024-04-07 00:57:53,229 - INFO - =========================================================
2024-04-07 00:57:55,661 - INFO -     현재상태 : 진행상태=[F], 자동화단계=[1], 프로세스 개수=[0]
2024-04-07 00:57:55,661 - INFO - ---------------------------------------------------------
2024-04-07 00:57:55,661 - INFO - CURRENT AGENT : AGENT_ID=[S1_A01_the1], STATUS_CD=[F]
2024-04-07 00:57:55,662 - INFO - ---------------------------------------------------------
2024-04-07 00:57:55,662 - INFO - 현재 상태 = F
2024-04-07 00:58:05,665 - INFO - End of loop
2024-04-07 00:58:05,665 - INFO - =========================================================
2024-04-07 00:58:05,665 - INFO - Agent Looping ... AUTO_MANAGER_ID=S1_A01_the1, PID=148752
2024-04-07 00:58:05,665 - INFO - =========================================================
2024-04-07 00:58:08,117 - INFO -     현재상태 : 진행상태=[RW], 자동화단계=[1], 프로세스 개수=[0]
2024-04-07 00:58:08,118 - INFO - ---------------------------------------------------------
2024-04-07 00:58:08,118 - INFO - CURRENT AGENT : AGENT_ID=[S1_A01_the1], STATUS_CD=[RW]
2024-04-07 00:58:08,118 - INFO - ---------------------------------------------------------
2024-04-07 00:58:08,118 - INFO -    ==> START Thread !!!
2024-04-07 00:58:09,617 - INFO - start_thread() 함수 실행을 끝냈습니다.
2024-04-07 00:58:09,618 - INFO - CompletedProcess(args=['python', 'D:\\Project\\py\\PyHometax2024\\pyHometax\\at_ht_step_1.py', 'S1', 'A01', 'the1'], returncode=0)
2024-04-07 00:58:18,132 - INFO - End of loop
2024-04-07 00:58:18,132 - INFO - =========================================================
2024-04-07 00:58:18,132 - INFO - Agent Looping ... AUTO_MANAGER_ID=S1_A01_the1, PID=148752
2024-04-07 00:58:18,132 - INFO - =========================================================
2024-04-07 00:58:20,554 - INFO -     현재상태 : 진행상태=[F], 자동화단계=[1], 프로세스 개수=[0]
2024-04-07 00:58:20,554 - INFO - ---------------------------------------------------------
2024-04-07 00:58:20,554 - INFO - CURRENT AGENT : AGENT_ID=[S1_A01_the1], STATUS_CD=[F]
2024-04-07 00:58:20,554 - INFO - ---------------------------------------------------------
2024-04-07 00:58:20,555 - INFO - 현재 상태 = F
2024-04-07 00:58:30,567 - INFO - End of loop
2024-04-07 00:58:30,567 - INFO - =========================================================
2024-04-07 00:58:30,567 - INFO - Agent Looping ... AUTO_MANAGER_ID=S1_A01_the1, PID=148752
2024-04-07 00:58:30,567 - INFO - =========================================================
2024-04-07 00:58:32,983 - INFO -     현재상태 : 진행상태=[F], 자동화단계=[1], 프로세스 개수=[0]
2024-04-07 00:58:32,984 - INFO - ---------------------------------------------------------
2024-04-07 00:58:32,984 - INFO - CURRENT AGENT : AGENT_ID=[S1_A01_the1], STATUS_CD=[F]
2024-04-07 00:58:32,984 - INFO - ---------------------------------------------------------
2024-04-07 00:58:32,984 - INFO - 현재 상태 = F
2024-04-07 00:58:42,988 - INFO - End of loop
2024-04-07 00:58:42,988 - INFO - =========================================================
2024-04-07 00:58:42,988 - INFO - Agent Looping ... AUTO_MANAGER_ID=S1_A01_the1, PID=148752
2024-04-07 00:58:42,988 - INFO - =========================================================
2024-04-07 00:58:45,380 - INFO -     현재상태 : 진행상태=[F], 자동화단계=[1], 프로세스 개수=[0]
2024-04-07 00:58:45,380 - INFO - ---------------------------------------------------------
2024-04-07 00:58:45,380 - INFO - CURRENT AGENT : AGENT_ID=[S1_A01_the1], STATUS_CD=[F]
2024-04-07 00:58:45,380 - INFO - ---------------------------------------------------------
2024-04-07 00:58:45,380 - INFO - 현재 상태 = F
2024-04-07 00:58:55,385 - INFO - End of loop
2024-04-07 00:58:55,385 - INFO - =========================================================
2024-04-07 00:58:55,385 - INFO - Agent Looping ... AUTO_MANAGER_ID=S1_A01_the1, PID=148752
2024-04-07 00:58:55,385 - INFO - =========================================================
2024-04-07 00:58:57,808 - INFO -     현재상태 : 진행상태=[F], 자동화단계=[1], 프로세스 개수=[0]
2024-04-07 00:58:57,808 - INFO - ---------------------------------------------------------
2024-04-07 00:58:57,808 - INFO - CURRENT AGENT : AGENT_ID=[S1_A01_the1], STATUS_CD=[F]
2024-04-07 00:58:57,808 - INFO - ---------------------------------------------------------
2024-04-07 00:58:57,809 - INFO - 현재 상태 = F
2024-04-07 00:59:07,815 - INFO - End of loop
2024-04-07 00:59:07,815 - INFO - =========================================================
2024-04-07 00:59:07,815 - INFO - Agent Looping ... AUTO_MANAGER_ID=S1_A01_the1, PID=148752
2024-04-07 00:59:07,815 - INFO - =========================================================
2024-04-07 00:59:10,222 - INFO -     현재상태 : 진행상태=[F], 자동화단계=[1], 프로세스 개수=[0]
2024-04-07 00:59:10,222 - INFO - ---------------------------------------------------------
2024-04-07 00:59:10,222 - INFO - CURRENT AGENT : AGENT_ID=[S1_A01_the1], STATUS_CD=[F]
2024-04-07 00:59:10,223 - INFO - ---------------------------------------------------------
2024-04-07 00:59:10,223 - INFO - 현재 상태 = F
2024-04-07 00:59:20,230 - INFO - End of loop
2024-04-07 00:59:20,230 - INFO - =========================================================
2024-04-07 00:59:20,230 - INFO - Agent Looping ... AUTO_MANAGER_ID=S1_A01_the1, PID=148752
2024-04-07 00:59:20,230 - INFO - =========================================================
2024-04-07 00:59:22,639 - INFO -     현재상태 : 진행상태=[F], 자동화단계=[1], 프로세스 개수=[0]
2024-04-07 00:59:22,639 - INFO - ---------------------------------------------------------
2024-04-07 00:59:22,639 - INFO - CURRENT AGENT : AGENT_ID=[S1_A01_the1], STATUS_CD=[F]
2024-04-07 00:59:22,639 - INFO - ---------------------------------------------------------
2024-04-07 00:59:22,640 - INFO - 현재 상태 = F
2024-04-07 00:59:32,655 - INFO - End of loop
2024-04-07 00:59:32,655 - INFO - =========================================================
2024-04-07 00:59:32,655 - INFO - Agent Looping ... AUTO_MANAGER_ID=S1_A01_the1, PID=148752
2024-04-07 00:59:32,656 - INFO - =========================================================
2024-04-07 00:59:35,083 - INFO -     현재상태 : 진행상태=[F], 자동화단계=[1], 프로세스 개수=[0]
2024-04-07 00:59:35,083 - INFO - ---------------------------------------------------------
2024-04-07 00:59:35,083 - INFO - CURRENT AGENT : AGENT_ID=[S1_A01_the1], STATUS_CD=[F]
2024-04-07 00:59:35,084 - INFO - ---------------------------------------------------------
2024-04-07 00:59:35,084 - INFO - 현재 상태 = F
2024-04-07 00:59:45,094 - INFO - End of loop
2024-04-07 00:59:45,094 - INFO - =========================================================
2024-04-07 00:59:45,094 - INFO - Agent Looping ... AUTO_MANAGER_ID=S1_A01_the1, PID=148752
2024-04-07 00:59:45,094 - INFO - =========================================================
2024-04-07 00:59:47,515 - INFO -     현재상태 : 진행상태=[F], 자동화단계=[1], 프로세스 개수=[0]
2024-04-07 00:59:47,516 - INFO - ---------------------------------------------------------
2024-04-07 00:59:47,516 - INFO - CURRENT AGENT : AGENT_ID=[S1_A01_the1], STATUS_CD=[F]
2024-04-07 00:59:47,516 - INFO - ---------------------------------------------------------
2024-04-07 00:59:47,516 - INFO - 현재 상태 = F
2024-04-07 00:59:57,529 - INFO - End of loop
2024-04-07 00:59:57,529 - INFO - =========================================================
2024-04-07 00:59:57,529 - INFO - Agent Looping ... AUTO_MANAGER_ID=S1_A01_the1, PID=148752
2024-04-07 00:59:57,529 - INFO - =========================================================
2024-04-07 00:59:59,942 - INFO -     현재상태 : 진행상태=[F], 자동화단계=[1], 프로세스 개수=[0]
2024-04-07 00:59:59,943 - INFO - ---------------------------------------------------------
2024-04-07 00:59:59,943 - INFO - CURRENT AGENT : AGENT_ID=[S1_A01_the1], STATUS_CD=[F]
2024-04-07 00:59:59,943 - INFO - ---------------------------------------------------------
2024-04-07 00:59:59,943 - INFO - 현재 상태 = F
2024-04-07 01:00:09,947 - INFO - End of loop
2024-04-07 01:00:09,947 - INFO - =========================================================
2024-04-07 01:00:09,947 - INFO - Agent Looping ... AUTO_MANAGER_ID=S1_A01_the1, PID=148752
2024-04-07 01:00:09,947 - INFO - =========================================================
2024-04-07 01:00:12,363 - INFO -     현재상태 : 진행상태=[F], 자동화단계=[1], 프로세스 개수=[0]
2024-04-07 01:00:12,363 - INFO - ---------------------------------------------------------
2024-04-07 01:00:12,363 - INFO - CURRENT AGENT : AGENT_ID=[S1_A01_the1], STATUS_CD=[F]
2024-04-07 01:00:12,363 - INFO - ---------------------------------------------------------
2024-04-07 01:00:12,363 - INFO - 현재 상태 = F
2024-04-07 01:00:22,371 - INFO - End of loop
2024-04-07 01:00:22,371 - INFO - =========================================================
2024-04-07 01:00:22,371 - INFO - Agent Looping ... AUTO_MANAGER_ID=S1_A01_the1, PID=148752
2024-04-07 01:00:22,371 - INFO - =========================================================
2024-04-07 01:00:24,807 - INFO -     현재상태 : 진행상태=[F], 자동화단계=[1], 프로세스 개수=[0]
2024-04-07 01:00:24,808 - INFO - ---------------------------------------------------------
2024-04-07 01:00:24,808 - INFO - CURRENT AGENT : AGENT_ID=[S1_A01_the1], STATUS_CD=[F]
2024-04-07 01:00:24,808 - INFO - ---------------------------------------------------------
2024-04-07 01:00:24,809 - INFO - 현재 상태 = F
2024-04-07 01:00:34,810 - INFO - End of loop
2024-04-07 01:00:34,810 - INFO - =========================================================
2024-04-07 01:00:34,810 - INFO - Agent Looping ... AUTO_MANAGER_ID=S1_A01_the1, PID=148752
2024-04-07 01:00:34,810 - INFO - =========================================================
2024-04-07 01:00:37,270 - INFO -     현재상태 : 진행상태=[F], 자동화단계=[1], 프로세스 개수=[0]
2024-04-07 01:00:37,271 - INFO - ---------------------------------------------------------
2024-04-07 01:00:37,271 - INFO - CURRENT AGENT : AGENT_ID=[S1_A01_the1], STATUS_CD=[F]
2024-04-07 01:00:37,271 - INFO - ---------------------------------------------------------
2024-04-07 01:00:37,271 - INFO - 현재 상태 = F
2024-04-07 01:00:47,285 - INFO - End of loop
2024-04-07 01:00:47,285 - INFO - =========================================================
2024-04-07 01:00:47,285 - INFO - Agent Looping ... AUTO_MANAGER_ID=S1_A01_the1, PID=148752
2024-04-07 01:00:47,285 - INFO - =========================================================
2024-04-07 01:00:49,704 - INFO -     현재상태 : 진행상태=[F], 자동화단계=[1], 프로세스 개수=[0]
2024-04-07 01:00:49,704 - INFO - ---------------------------------------------------------
2024-04-07 01:00:49,704 - INFO - CURRENT AGENT : AGENT_ID=[S1_A01_the1], STATUS_CD=[F]
2024-04-07 01:00:49,704 - INFO - ---------------------------------------------------------
2024-04-07 01:00:49,704 - INFO - 현재 상태 = F
2024-04-07 01:00:59,713 - INFO - End of loop
2024-04-07 01:00:59,713 - INFO - =========================================================
2024-04-07 01:00:59,713 - INFO - Agent Looping ... AUTO_MANAGER_ID=S1_A01_the1, PID=148752
2024-04-07 01:00:59,713 - INFO - =========================================================
2024-04-07 01:01:02,140 - INFO -     현재상태 : 진행상태=[F], 자동화단계=[1], 프로세스 개수=[0]
2024-04-07 01:01:02,140 - INFO - ---------------------------------------------------------
2024-04-07 01:01:02,140 - INFO - CURRENT AGENT : AGENT_ID=[S1_A01_the1], STATUS_CD=[F]
2024-04-07 01:01:02,140 - INFO - ---------------------------------------------------------
2024-04-07 01:01:02,141 - INFO - 현재 상태 = F
2024-04-12 08:54:18,193 - INFO - =========================================================
2024-04-12 08:54:18,194 - INFO - Agent Looping ... AUTO_MANAGER_ID=S1_A01_the1, PID=686208
2024-04-12 08:54:18,194 - INFO - =========================================================
2024-04-14 10:23:34,527 - INFO - =========================================================
2024-04-14 10:23:34,535 - INFO - Agent Looping ... AUTO_MANAGER_ID=S1_A01_the1, PID=168072
2024-04-14 10:23:34,535 - INFO - =========================================================
2024-04-14 10:23:41,085 - INFO -     현재상태 : 진행상태=[F], 자동화단계=[1], 프로세스 개수=[0]
2024-04-14 10:23:41,097 - INFO - ---------------------------------------------------------
2024-04-14 10:23:41,097 - INFO - CURRENT AGENT : AGENT_ID=[S1_A01_the1], STATUS_CD=[F]
2024-04-14 10:23:41,097 - INFO - ---------------------------------------------------------
2024-04-14 10:23:41,097 - INFO - 현재 상태 = F
2024-04-14 10:23:51,098 - INFO - End of loop
2024-04-14 10:23:51,098 - INFO - =========================================================
2024-04-14 10:23:51,098 - INFO - Agent Looping ... AUTO_MANAGER_ID=S1_A01_the1, PID=168072
2024-04-14 10:23:51,098 - INFO - =========================================================
2024-04-14 10:23:57,550 - INFO -     현재상태 : 진행상태=[F], 자동화단계=[1], 프로세스 개수=[0]
2024-04-14 10:23:57,550 - INFO - ---------------------------------------------------------
2024-04-14 10:23:57,550 - INFO - CURRENT AGENT : AGENT_ID=[S1_A01_the1], STATUS_CD=[F]
2024-04-14 10:23:57,551 - INFO - ---------------------------------------------------------
2024-04-14 10:23:57,551 - INFO - 현재 상태 = F
2024-04-14 10:24:07,559 - INFO - End of loop
2024-04-14 10:24:07,559 - INFO - =========================================================
2024-04-14 10:24:07,559 - INFO - Agent Looping ... AUTO_MANAGER_ID=S1_A01_the1, PID=168072
2024-04-14 10:24:07,559 - INFO - =========================================================
2024-04-14 10:24:14,059 - INFO -     현재상태 : 진행상태=[F], 자동화단계=[1], 프로세스 개수=[0]
2024-04-14 10:24:14,059 - INFO - ---------------------------------------------------------
2024-04-14 10:24:14,059 - INFO - CURRENT AGENT : AGENT_ID=[S1_A01_the1], STATUS_CD=[F]
2024-04-14 10:24:14,059 - INFO - ---------------------------------------------------------
2024-04-14 10:24:14,059 - INFO - 현재 상태 = F
2024-04-14 10:24:24,068 - INFO - End of loop
2024-04-14 10:24:24,068 - INFO - =========================================================
2024-04-14 10:24:24,068 - INFO - Agent Looping ... AUTO_MANAGER_ID=S1_A01_the1, PID=168072
2024-04-14 10:24:24,068 - INFO - =========================================================
2024-04-14 10:24:30,526 - INFO -     현재상태 : 진행상태=[F], 자동화단계=[1], 프로세스 개수=[0]
2024-04-14 10:24:30,526 - INFO - ---------------------------------------------------------
2024-04-14 10:24:30,527 - INFO - CURRENT AGENT : AGENT_ID=[S1_A01_the1], STATUS_CD=[F]
2024-04-14 10:24:30,527 - INFO - ---------------------------------------------------------
2024-04-14 10:24:30,527 - INFO - 현재 상태 = F
2024-04-14 10:24:40,536 - INFO - End of loop
2024-04-14 10:24:40,536 - INFO - =========================================================
2024-04-14 10:24:40,536 - INFO - Agent Looping ... AUTO_MANAGER_ID=S1_A01_the1, PID=168072
2024-04-14 10:24:40,536 - INFO - =========================================================
2024-04-14 10:24:46,797 - INFO -     현재상태 : 진행상태=[F], 자동화단계=[1], 프로세스 개수=[0]
2024-04-14 10:24:46,797 - INFO - ---------------------------------------------------------
2024-04-14 10:24:46,797 - INFO - CURRENT AGENT : AGENT_ID=[S1_A01_the1], STATUS_CD=[F]
2024-04-14 10:24:46,797 - INFO - ---------------------------------------------------------
2024-04-14 10:24:46,797 - INFO - 현재 상태 = F
2024-04-14 10:24:56,809 - INFO - End of loop
2024-04-14 10:24:56,809 - INFO - =========================================================
2024-04-14 10:24:56,809 - INFO - Agent Looping ... AUTO_MANAGER_ID=S1_A01_the1, PID=168072
2024-04-14 10:24:56,809 - INFO - =========================================================
2024-04-14 10:25:03,341 - INFO -     현재상태 : 진행상태=[F], 자동화단계=[1], 프로세스 개수=[0]
2024-04-14 10:25:03,341 - INFO - ---------------------------------------------------------
2024-04-14 10:25:03,341 - INFO - CURRENT AGENT : AGENT_ID=[S1_A01_the1], STATUS_CD=[F]
2024-04-14 10:25:03,342 - INFO - ---------------------------------------------------------
2024-04-14 10:25:03,342 - INFO - 현재 상태 = F
2024-04-14 10:25:13,352 - INFO - End of loop
2024-04-14 10:25:13,352 - INFO - =========================================================
2024-04-14 10:25:13,352 - INFO - Agent Looping ... AUTO_MANAGER_ID=S1_A01_the1, PID=168072
2024-04-14 10:25:13,352 - INFO - =========================================================
2024-04-14 10:25:20,282 - INFO -     현재상태 : 진행상태=[F], 자동화단계=[1], 프로세스 개수=[0]
2024-04-14 10:25:20,282 - INFO - ---------------------------------------------------------
2024-04-14 10:25:20,283 - INFO - CURRENT AGENT : AGENT_ID=[S1_A01_the1], STATUS_CD=[F]
2024-04-14 10:25:20,283 - INFO - ---------------------------------------------------------
2024-04-14 10:25:20,283 - INFO - 현재 상태 = F
2024-04-14 10:25:30,294 - INFO - End of loop
2024-04-14 10:25:30,294 - INFO - =========================================================
2024-04-14 10:25:30,294 - INFO - Agent Looping ... AUTO_MANAGER_ID=S1_A01_the1, PID=168072
2024-04-14 10:25:30,294 - INFO - =========================================================
2024-04-14 10:25:36,709 - INFO -     현재상태 : 진행상태=[F], 자동화단계=[1], 프로세스 개수=[0]
2024-04-14 10:25:36,709 - INFO - ---------------------------------------------------------
2024-04-14 10:25:36,709 - INFO - CURRENT AGENT : AGENT_ID=[S1_A01_the1], STATUS_CD=[F]
2024-04-14 10:25:36,710 - INFO - ---------------------------------------------------------
2024-04-14 10:25:36,710 - INFO - 현재 상태 = F
2024-04-14 10:25:46,719 - INFO - End of loop
2024-04-14 10:25:46,719 - INFO - =========================================================
2024-04-14 10:25:46,719 - INFO - Agent Looping ... AUTO_MANAGER_ID=S1_A01_the1, PID=168072
2024-04-14 10:25:46,719 - INFO - =========================================================
